2024-07-13T17:10:57.355Z info: Requisição :: Método: GET :: URL: / :: Status: 200
2024-07-13T17:10:57.736Z info: Requisição :: Método: GET :: URL: /favicon.ico :: Status: 200
2024-07-13T17:11:03.966Z info: Requisição :: Método: GET :: URL: /canonico :: Status: 200
2024-07-13T17:11:19.233Z info: Requisição :: Método: GET :: URL: /canonicos :: Status: 200
2024-07-13T17:35:42.111Z info: Requisição :: Método: GET :: URL: /canonicos/66913fd799f18e511f9f3152 :: Status: 200
2024-07-13T17:36:10.974Z info: Requisição :: Método: GET :: URL: /canonicos/%2266913fd799f18e511f9f3152%22 :: Status: 200
2024-07-13T17:36:12.506Z info: Requisição :: Método: GET :: URL: /canonicos/%2266913fd799f18e511f9f3152%22 :: Status: 200
2024-07-13T17:36:33.433Z info: Requisição :: Método: GET :: URL: /canonicos/canonico :: Status: 200
2024-07-13T17:37:35.009Z info: Requisição :: Método: GET :: URL: /canonicos/canonico :: Status: 200
2024-07-13T17:37:46.603Z info: Requisição :: Método: GET :: URL: /canonicos/66913fd799f18e511f9f3152 :: Status: 200
2024-07-13T18:02:20.246Z info: Requisição :: Método: GET :: URL: /canonicos :: Status: 200
2024-07-13T18:56:28.798Z info: Requisição :: Método: GET :: URL: /canonicos :: Status: 200
2024-07-13T18:57:14.807Z info: Requisição :: Método: GET :: URL: /canonicos/66913fd799f18e511f9f3152 :: Status: 200
2024-07-13T18:57:52.205Z info: Requisição :: Método: GET :: URL: /canonicos/ :: Status: 200
2024-07-13T19:01:08.366Z info: Requisição :: Método: PUT :: URL: /canonicos/66913fd799f18e511f9f3152 :: Status: 200
2024-07-13T19:01:45.354Z info: Requisição :: Método: GET :: URL: /canonicos/66913fd799f18e511f9f3152 :: Status: 200
2024-07-13T19:01:56.840Z info: Requisição :: Método: PUT :: URL: /canonicos/66913fd799f18e511f9f3152 :: Status: 200
2024-07-13T19:02:37.165Z info: Requisição :: Método: PUT :: URL: /canonicos/66913fd799f18e511f9f3152 :: Status: 200
2024-07-13T19:02:47.949Z info: Requisição :: Método: PUT :: URL: /canonicos/66913fd799f18e511f9f3152 :: Status: 200
2024-07-13T19:04:33.583Z info: Requisição :: Método: GET :: URL: /canonicos/ :: Status: 200
2024-07-13T19:05:07.475Z info: Requisição :: Método: PUT :: URL: /canonicos/66913fd799f18e511f9f3152 :: Status: 200
2024-07-13T19:05:23.876Z info: Requisição :: Método: PATCH :: URL: /canonicos/66913fd799f18e511f9f3152 :: Status: 200
2024-07-13T19:05:29.341Z info: Requisição :: Método: POST :: URL: /canonicos/66913fd799f18e511f9f3152 :: Status: 200
2024-07-13T19:05:32.363Z info: Requisição :: Método: PUT :: URL: /canonicos/66913fd799f18e511f9f3152 :: Status: 200
2024-07-13T19:07:55.847Z info: Requisição :: Método: PUT :: URL: /canonicos/66913fd799f18e511f9f3152 :: Status: 200
2024-07-13T19:09:41.023Z info: Requisição :: Método: GET :: URL: /canonicos/66913fd799f18e511f9f3152 :: Status: 200
2024-07-13T19:10:16.786Z info: Requisição :: Método: PUT :: URL: /canonicos/66913fd799f18e511f9f3152 :: Status: 200
2024-07-13T19:11:00.346Z info: Requisição :: Método: GET :: URL: /canonicos/66913fd799f18e511f9f3152 :: Status: 200
2024-07-13T19:11:10.013Z info: Requisição :: Método: GET :: URL: /canonicos/66913fd799f18e511f9f3152 :: Status: 200
2024-07-13T19:13:06.459Z info: Requisição :: Método: PUT :: URL: /canonicos/66913fd799f18e511f9f3152 :: Status: 200
2024-07-13T19:13:10.790Z info: Requisição :: Método: GET :: URL: /canonicos/66913fd799f18e511f9f3152 :: Status: 200
