2024-09-07T21:03:00.168Z info: Inicialização baseada no tipo de instância: API
2024-09-07T21:03:00.173Z info: Servidor está escutando: http://localhost:8080
2024-09-07T21:04:00.533Z info: Inicialização baseada no tipo de instância: API
2024-09-07T21:04:00.538Z info: Servidor está escutando: http://localhost:8080
{"level":"info","message":"Inicialização baseada no tipo de instância: API"}
{"level":"info","message":"Servidor está escutando: http://localhost:8080"}
{"level":"info","message":"Requisição :: Método: POST :: URL: /canonico/aaa/load :: Status: 200"}
{"level":"info","message":"[ROUTES :: Canonico] Iniciando loadCanonico."}
{"level":"info","message":"Buscando item na tabela canonico..."}
{"level":"info","message":"Retorno da tabela canonico com a key {\"nome\":\"aaa\"} no dynamoDB: undefined"}
{"level":"error","message":"[ROUTES :: Erro ao carregar o canônico com nome aaa: Erro ao carregar o canônico de ID aaa: Cannot destructure property 'chamadas' of 'canonicoExistente' as it is null."}
{"level":"info","message":"Inicialização baseada no tipo de instância: API"}
{"level":"info","message":"Servidor está escutando: http://localhost:8080"}
{"level":"info","message":"Requisição :: Método: POST :: URL: /canonico/aaa/load :: Status: 200"}
{"level":"info","message":"[ROUTES :: Canonico] Iniciando loadCanonico."}
{"level":"info","message":"Buscando item na tabela canonico..."}
{"level":"info","message":"Retorno da tabela canonico com a key {\"nome\":\"aaa\"} no dynamoDB: undefined"}
{"level":"error","message":"[ROUTES :: Erro ao carregar o canônico com nome aaa: Erro ao carregar o canônico de ID aaa: Cannot destructure property 'chamadas' of 'canonicoExistente' as it is null."}
07/09/2024 18:59:04 [DEFAULT] info: Inicialização baseada no tipo de instância: API
07/09/2024 18:59:04 [DEFAULT] info: Servidor está escutando: http://localhost:8080
07/09/2024 18:59:06 [DEFAULT] info: Requisição :: Método: POST :: URL: /canonico/aaa/load :: Status: 200
07/09/2024 18:59:06 [DEFAULT] info: [ROUTES :: Canonico] Iniciando loadCanonico.
07/09/2024 18:59:06 [DEFAULT] info: Buscando item na tabela canonico...
07/09/2024 18:59:07 [DEFAULT] info: Retorno da tabela canonico com a key {"nome":"aaa"} no dynamoDB: undefined
07/09/2024 18:59:07 [DEFAULT] error: [ROUTES :: Erro ao carregar o canônico com nome aaa: Erro ao carregar o canônico de ID aaa: Cannot destructure property 'chamadas' of 'canonicoExistente' as it is null.
07/09/2024 18:59:45 [ERROR] info: Inicialização baseada no tipo de instância: API
07/09/2024 18:59:45 [ERROR] info: Servidor está escutando: http://localhost:8080
07/09/2024 19:01:51  info: Inicialização baseada no tipo de instância: API
07/09/2024 19:01:51  info: Servidor está escutando: http://localhost:8080
07/09/2024 19:02:05  INFO: Inicialização baseada no tipo de instância: API
07/09/2024 19:02:05  INFO: Servidor está escutando: http://localhost:8080
07/09/2024 19:02:27  info: Inicialização baseada no tipo de instância: API
07/09/2024 19:02:27  info: Servidor está escutando: http://localhost:8080
07/09/2024 19:02:43:436  info: Inicialização baseada no tipo de instância: API
07/09/2024 19:02:43:436  info: Servidor está escutando: http://localhost:8080
07/09/2024 19:02:54:549  info: Requisição :: Método: POST :: URL: /canonico/aaa/load :: Status: 200
07/09/2024 19:02:54:549  info: [ROUTES :: Canonico] Iniciando loadCanonico.
07/09/2024 19:02:54:549  info: Buscando item na tabela canonico...
07/09/2024 19:02:55:556  info: Retorno da tabela canonico com a key {"nome":"aaa"} no dynamoDB: undefined
07/09/2024 19:02:55:556  error: [ROUTES :: Erro ao carregar o canônico com nome aaa: Erro ao carregar o canônico de ID aaa: Cannot destructure property 'chamadas' of 'canonicoExistente' as it is null.
07/09/2024 19:04:46:469  info: Inicialização baseada no tipo de instância: API
07/09/2024 19:04:46:469  info: Servidor está escutando: http://localhost:8080
07/09/2024 19:06:51:516  info: Inicialização baseada no tipo de instância: API
07/09/2024 19:06:51:516  info: Servidor está escutando: http://localhost:8080
07/09/2024 19:06:51:5110  info: Requisição :: Método: POST :: URL: /canonico/aaa/load :: Status: 200
07/09/2024 19:06:51:5110  load: [ROUTES :: Canonico] Iniciando loadCanonico.
07/09/2024 19:06:52:520  info: Buscando item na tabela canonico...
07/09/2024 19:06:52:526  info: Retorno da tabela canonico com a key {"nome":"aaa"} no dynamoDB: undefined
07/09/2024 19:06:52:526  error: [ROUTES :: Erro ao carregar o canônico com nome aaa: Erro ao carregar o canônico de ID aaa: Cannot destructure property 'chamadas' of 'canonicoExistente' as it is null.
07/09/2024 19:07:18:187  info: Inicialização baseada no tipo de instância: API
07/09/2024 19:07:18:187  info: Servidor está escutando: http://localhost:8080
07/09/2024 19:07:49:492  info: Inicialização baseada no tipo de instância: API
07/09/2024 19:07:49:492  info: Servidor está escutando: http://localhost:8080
07/09/2024 19:08:07:078  info: Inicialização baseada no tipo de instância: API
07/09/2024 19:08:07:078  info: Servidor está escutando: http://localhost:8080
07/09/2024 19:08:14:144  info: Inicialização baseada no tipo de instância: API
07/09/2024 19:08:14:144  info: Servidor está escutando: http://localhost:8080
07/09/2024 19:08:16:164  info: Requisição :: Método: POST :: URL: /canonico/aaa/load :: Status: 200
07/09/2024 19:08:16:164  info: [ROUTES :: Canonico] Iniciando loadCanonico.
07/09/2024 19:08:16:164  info: Buscando item na tabela canonico...
07/09/2024 19:08:16:1610  info: Retorno da tabela canonico com a key {"nome":"aaa"} no dynamoDB: undefined
07/09/2024 19:08:16:1610  load: [ROUTES :: Erro ao carregar o canônico com nome aaa: Erro ao carregar o canônico de ID aaa: Cannot destructure property 'chamadas' of 'canonicoExistente' as it is null.
07/09/2024 19:10:02:022  info: Inicialização baseada no tipo de instância: API
07/09/2024 19:10:02:022  info: Servidor está escutando: http://localhost:8080
07/09/2024 19:10:14:149  info: Inicialização baseada no tipo de instância: API
07/09/2024 19:10:14:149  info: Servidor está escutando: http://localhost:8080
07/09/2024 19:10:40:405  info: Requisição :: Método: POST :: URL: /canonico/aaa/load :: Status: 200
07/09/2024 19:10:40:405  info: [ROUTES :: Canonico] Iniciando loadCanonico.
07/09/2024 19:10:40:405  info: Buscando item na tabela canonico...
07/09/2024 19:10:41:411  info: Retorno da tabela canonico com a key {"nome":"aaa"} no dynamoDB: undefined
07/09/2024 19:10:41:411  load: Erro ao carregar o canônico com nome aaa: Erro ao carregar o canônico de ID aaa: Cannot destructure property 'chamadas' of 'canonicoExistente' as it is null.
